[2012-05-12 21:57:30] Cannot Open Configure file
[2012-05-12 21:57:30] .//Configure.xml
[2012-05-12 21:57:46] Cannot Open Configure file
[2012-05-12 21:57:46] .//Configure.xml
[2012-05-12 21:58:39] Cannot open user dictionary
[2012-05-12 21:58:39] .//Data/UserDict.pdat
[2012-05-12 21:58:39] Cannot open file 
[2012-05-12 21:58:39] .//Data/charset.type
[2012-05-12 21:58:50] Cannot open user dictionary
[2012-05-12 21:58:50] .//Data/UserDict.pdat
[2012-05-12 21:58:50] Cannot open file 
[2012-05-12 21:58:50] .//Data/charset.type
[2012-05-12 21:59:03] Cannot open user dictionary
[2012-05-12 21:59:03] .//Data/UserDict.pdat
[2012-05-12 21:59:03] Cannot open file 
[2012-05-12 21:59:03] .//Data/charset.type
[2012-05-12 21:59:17] Cannot open user dictionary
[2012-05-12 21:59:17] .//Data/UserDict.pdat
[2012-05-12 21:59:17] Cannot open file 
[2012-05-12 21:59:17] .//Data/charset.type
